Arquivo de configuração atualizado em 12/01/2017 10:19:07.515 .
12/01/2017 10:19:07.530  --> Iniciando conexão com dispositivos...
	Conectado em 'Balança' 127.0.0.1:9091
	Conectado em 'Portal' 127.0.0.1:9092
	Conectado em 'Scanner' 127.0.0.1:9093
	Conectado em 'PLC' 127.0.0.1:9094
Dispositivos conectados com sucesso!
12/01/2017 10:19:11.265  | Volume aferido: <<- 25182300100102057855000000;26.1;22.7;15.7;6009.3;0.58
12/01/2017 10:19:14.327  | Volume aferido: <<- 25182300100102057855000000;26.1;22.7;15.7;6009.3;0.58
12/01/2017 10:19:17.390  | Volume aferido: <<- 25182300100102057855000000;26.1;22.7;15.7;6009.3;0.58
12/01/2017 10:19:20.468  | Volume aferido: <<- 25182300100102057855000000;26.1;22.7;15.7;6009.3;0.58
12/01/2017 10:19:23.531  | Volume aferido: <<- 25182300100102057855000000;26.1;22.7;15.7;6009.3;0.58
12/01/2017 10:19:26.593  | Volume aferido: <<- 25182300100102057855000000;26.1;22.7;15.7;6009.3;0.58
12/01/2017 10:19:29.656  | Volume aferido: <<- 25182300100102057855000000;26.1;22.7;15.7;6009.3;0.58
12/01/2017 10:19:32.718  | Volume aferido: <<- 25182300100102057855000000;26.1;22.7;15.7;6009.3;0.58
12/01/2017 10:19:35.781  | Volume aferido: <<- 25182300100102057855000000;26.1;22.7;15.7;6009.3;0.58
12/01/2017 10:19:38.843  | Volume aferido: <<- 25182300100102057855000000;26.1;22.7;15.7;6009.3;0.58
12/01/2017 10:19:41.906  | Volume aferido: <<- 25182300100102057855000000;26.1;22.7;15.7;6009.3;0.58
12/01/2017 10:19:44.968  | Volume aferido: <<- 25182300100102057855000000;26.1;22.7;15.7;6009.3;0.58
12/01/2017 10:19:48.031  | Volume aferido: <<- 25182300100102057855000000;26.1;22.7;15.7;6009.3;0.58
12/01/2017 10:19:51.125  | Volume aferido: <<- 25182300100102057855000000;26.1;22.7;15.7;6009.3;0.58
12/01/2017 10:19:54.187  | Volume aferido: <<- 25182300100102057855000000;26.1;22.7;15.7;6009.3;0.58
12/01/2017 10:19:57.250  | Volume aferido: <<- 25182300100102057855000000;26.1;22.7;15.7;6009.3;0.58
12/01/2017 10:20:00.312  | Volume aferido: <<- 25182300100102057855000000;26.1;22.7;15.7;6009.3;0.58
12/01/2017 10:20:03.375  | Volume aferido: <<- 2518230010010205785500000025182300100102057855000000;26.1;22.7;15.7;6009.3;0.58
12/01/2017 10:20:08.469  | Volume aferido: <<- 25182300100102057855000000;26.1;22.7;15.7;6009.3;0.58
12/01/2017 10:20:08.484  |  <<- 
**************************
  ATENÇÃO: 
  OCORREU UMA FALHA NA FILA DE LEITURAS E PARA PREVINIR PERDA DE DADOS O TRANSPORTADOR FOI DESATIVADO. 
  FAVOR, RECONECTAR TODOS OS DISPOSITIVOS NO SOFTWARE DE AUTOMAÇÃO!. 
***************************
Recursos de memória de leitura redefinidos.
12/01/2017 10:20:11.578  | Volume aferido: <<- 25182300100102057855000000;26.1;22.7;15.7;6009.3;0.58
12/01/2017 10:20:14.656  | Volume aferido: <<- 25182300100102057855000000;26.1;22.7;15.7;6009.3;0.58
12/01/2017 10:20:17.719  | Volume aferido: <<- 25182300100102057855000000;26.1;22.7;15.7;6009.3;0.58
12/01/2017 10:20:20.781  | Volume aferido: <<- 25182300100102057855000000;26.1;22.7;15.7;6009.3;0.58
12/01/2017 10:20:23.844  | Volume aferido: <<- 25182300100102057855000000;26.1;22.7;15.7;6009.3;0.58
12/01/2017 10:20:26.906  | Volume aferido: <<- 25182300100102057855000000;26.1;22.7;15.7;6009.3;0.58
12/01/2017 10:20:29.969  | Volume aferido: <<- 25182300100102057855000000;26.1;22.7;15.7;6009.3;0.58
12/01/2017 10:20:33.047  | Volume aferido: <<- 25182300100102057855000000;26.1;22.7;15.7;6009.3;0.58
12/01/2017 10:20:36.125  | Volume aferido: <<- 25182300100102057855000000;26.1;22.7;15.7;6009.3;0.58
